<?xml version="1.0" encoding="UTF-8"?>
<testng-results ignored="4" total="6" passed="0" failed="2" skipped="0">
  <reporter-output>
    <line>
      <![CDATA[INFO: BeforeSuite: Extent Report initialized]]>
    </line>
    <line>
      <![CDATA[INFO: Listener: Test Context Started - Surefire test]]>
    </line>
    <line>
      <![CDATA[INFO: âœ… Config file loaded successfully from: src/test/resources/qa.properties]]>
    </line>
    <line>
      <![CDATA[INFO: BeforeTest: Environment set to: qa]]>
    </line>
    <line>
      <![CDATA[INFO: BeforeTest: Browser set to: chrome]]>
    </line>
    <line>
      <![CDATA[INFO: BeforeTest: Base URL set to: https://www.amazon.com]]>
    </line>
    <line>
      <![CDATA[INFO: BeforeClass: Initializing page objects for class: AmazonE2ETest]]>
    </line>
    <line>
      <![CDATA[INFO: BeforeMethod: Starting WebDriver for test method: testInvalidPassword]]>
    </line>
    <line>
      <![CDATA[INFO: Listener: Test Started - testInvalidPassword]]>
    </line>
    <line>
      <![CDATA[INFO: Fetching Amazon user credential from environment variables]]>
    </line>
    <line>
      <![CDATA[INFO: Starting negative login test for user: nobleprizewinners@gmail.com with incorrect password]]>
    </line>
    <line>
      <![CDATA[Error: Listener: Test Failed - testInvalidPassword]]>
    </line>
    <line>
      <![CDATA[INFO: AfterMethod: Cleaning up after test method - testInvalidPassword]]>
    </line>
    <line>
      <![CDATA[Error: Test Failed: testInvalidPassword]]>
    </line>
    <line>
      <![CDATA[Error: Failed to save screenshot]]>
    </line>
    <line>
      <![CDATA[INFO: AfterMethod: WebDriver quit successfully]]>
    </line>
    <line>
      <![CDATA[INFO: BeforeMethod: Starting WebDriver for test method: testValidLogin]]>
    </line>
    <line>
      <![CDATA[INFO: Listener: Test Started - testValidLogin]]>
    </line>
    <line>
      <![CDATA[INFO: Fetching Amazon user credential from environment variables]]>
    </line>
    <line>
      <![CDATA[INFO: Fetching Amazon password from environment variables]]>
    </line>
    <line>
      <![CDATA[INFO: Starting login test for user: nobleprizewinners@gmail.com]]>
    </line>
    <line>
      <![CDATA[Error: Listener: Test Failed - testValidLogin]]>
    </line>
    <line>
      <![CDATA[INFO: AfterMethod: Cleaning up after test method - testValidLogin]]>
    </line>
    <line>
      <![CDATA[Error: Test Failed: testValidLogin]]>
    </line>
    <line>
      <![CDATA[Error: Failed to save screenshot]]>
    </line>
    <line>
      <![CDATA[INFO: AfterMethod: WebDriver quit successfully]]>
    </line>
    <line>
      <![CDATA[INFO: AfterClass: Cleaning up class resources for: AmazonE2ETest]]>
    </line>
    <line>
      <![CDATA[INFO: AfterTest: Cleaning up test-level resources]]>
    </line>
    <line>
      <![CDATA[INFO: Listener: Test Context Finished - Surefire test]]>
    </line>
    <line>
      <![CDATA[INFO: AfterSuite: Extent Report flushed]]>
    </line>
  </reporter-output>
  <suite started-at="2025-09-01T09:36:49Z" name="Surefire suite" finished-at="2025-09-01T09:37:05Z" duration-ms="16826">
    <groups>
    </groups>
    <test started-at="2025-09-01T09:36:49Z" name="Surefire test" finished-at="2025-09-01T09:37:05Z" duration-ms="16826">
      <class name="base.BaseTest">
        <test-method is-config="true" signature="beforeSuite()[pri:0, instance:base.BaseTest@61d47554]" started-at="2025-09-01T09:36:48Z" name="beforeSuite" finished-at="2025-09-01T09:36:49Z" duration-ms="1015" status="PASS">
          <reporter-output>
            <line>
              <![CDATA[INFO: BeforeSuite: Extent Report initialized]]>
            </line>
          </reporter-output>
        </test-method> <!-- beforeSuite -->
        <test-method is-config="true" signature="beforeTest()[pri:0, instance:base.BaseTest@61d47554]" started-at="2025-09-01T09:36:49Z" name="beforeTest" finished-at="2025-09-01T09:36:49Z" duration-ms="7" status="PASS">
          <reporter-output>
            <line>
              <![CDATA[INFO: âœ… Config file loaded successfully from: src/test/resources/qa.properties]]>
            </line>
            <line>
              <![CDATA[INFO: BeforeTest: Environment set to: qa]]>
            </line>
            <line>
              <![CDATA[INFO: BeforeTest: Browser set to: chrome]]>
            </line>
            <line>
              <![CDATA[INFO: BeforeTest: Base URL set to: https://www.amazon.com]]>
            </line>
          </reporter-output>
        </test-method> <!-- beforeTest -->
        <test-method is-config="true" signature="afterTest()[pri:0, instance:base.BaseTest@61d47554]" started-at="2025-09-01T09:37:05Z" name="afterTest" finished-at="2025-09-01T09:37:05Z" duration-ms="4" status="PASS">
          <reporter-output>
            <line>
              <![CDATA[INFO: AfterTest: Cleaning up test-level resources]]>
            </line>
          </reporter-output>
        </test-method> <!-- afterTest -->
        <test-method is-config="true" signature="afterSuite()[pri:0, instance:base.BaseTest@61d47554]" started-at="2025-09-01T09:37:05Z" name="afterSuite" finished-at="2025-09-01T09:37:06Z" duration-ms="676" status="PASS">
          <reporter-output>
            <line>
              <![CDATA[INFO: AfterSuite: Extent Report flushed]]>
            </line>
          </reporter-output>
        </test-method> <!-- afterSuite -->
      </class> <!-- base.BaseTest -->
      <class name="tests.AmazonE2ETest">
        <test-method is-config="true" signature="beforeClass()[pri:0, instance:tests.AmazonE2ETest@69b794e2]" started-at="2025-09-01T09:36:49Z" name="beforeClass" finished-at="2025-09-01T09:36:49Z" duration-ms="10" status="PASS">
          <reporter-output>
            <line>
              <![CDATA[INFO: BeforeClass: Initializing page objects for class: AmazonE2ETest]]>
            </line>
          </reporter-output>
        </test-method> <!-- beforeClass -->
        <test-method is-config="true" signature="setUp(java.lang.reflect.Method)[pri:0, instance:tests.AmazonE2ETest@69b794e2]" started-at="2025-09-01T09:36:49Z" name="setUp" finished-at="2025-09-01T09:36:53Z" duration-ms="4525" status="PASS">
          <params>
            <param index="0">
              <value>
                <![CDATA[public void tests.AmazonE2ETest.testInvalidPassword()]]>
              </value>
            </param>
          </params>
          <reporter-output>
            <line>
              <![CDATA[INFO: BeforeMethod: Starting WebDriver for test method: testInvalidPassword]]>
            </line>
          </reporter-output>
        </test-method> <!-- setUp -->
        <test-method signature="testInvalidPassword()[pri:0, instance:tests.AmazonE2ETest@69b794e2]" started-at="2025-09-01T09:36:53Z" name="testInvalidPassword" description="Verify login fails with valid user but invalid password" finished-at="2025-09-01T09:36:53Z" duration-ms="34" status="FAIL">
          <exception class="java.lang.NullPointerException">
            <message>
              <![CDATA[Cannot invoke "org.openqa.selenium.WebDriver.findElement(org.openqa.selenium.By)" because "driver" is null]]>
            </message>
            <full-stacktrace>
              <![CDATA[java.lang.NullPointerException: Cannot invoke "org.openqa.selenium.WebDriver.findElement(org.openqa.selenium.By)" because "driver" is null
at org.openqa.selenium.support.ui.ExpectedConditions$7.apply(ExpectedConditions.java:194)
at org.openqa.selenium.support.ui.ExpectedConditions$7.apply(ExpectedConditions.java:190)
at org.openqa.selenium.support.ui.FluentWait.until(FluentWait.java:203)
at utils.ElementsUtil.findElementUsingId(ElementsUtil.java:42)
at pages.LoginPage.enterEmail(LoginPage.java:32)
at pages.LoginPage.login(LoginPage.java:49)
at tests.AmazonE2ETest.testInvalidPassword(AmazonE2ETest.java:62)
at java.base/jdk.internal.reflect.NativeMethodAccessorImpl.invoke0(Native Method)
at java.base/jdk.internal.reflect.NativeMethodAccessorImpl.invoke(NativeMethodAccessorImpl.java:77)
at java.base/jdk.internal.reflect.DelegatingMethodAccessorImpl.invoke(DelegatingMethodAccessorImpl.java:43)
at java.base/java.lang.reflect.Method.invoke(Method.java:568)
at org.testng.internal.MethodInvocationHelper.invokeMethod(MethodInvocationHelper.java:124)
at org.testng.internal.Invoker.invokeMethod(Invoker.java:583)
at org.testng.internal.Invoker.invokeTestMethod(Invoker.java:719)
at org.testng.internal.Invoker.invokeTestMethods(Invoker.java:989)
at org.testng.internal.TestMethodWorker.invokeTestMethods(TestMethodWorker.java:125)
at org.testng.internal.TestMethodWorker.run(TestMethodWorker.java:109)
at org.testng.TestRunner.privateRun(TestRunner.java:648)
at org.testng.TestRunner.run(TestRunner.java:505)
at org.testng.SuiteRunner.runTest(SuiteRunner.java:455)
at org.testng.SuiteRunner.runSequentially(SuiteRunner.java:450)
at org.testng.SuiteRunner.privateRun(SuiteRunner.java:415)
at org.testng.SuiteRunner.run(SuiteRunner.java:364)
at org.testng.SuiteRunnerWorker.runSuite(SuiteRunnerWorker.java:52)
at org.testng.SuiteRunnerWorker.run(SuiteRunnerWorker.java:84)
at org.testng.TestNG.runSuitesSequentially(TestNG.java:1208)
at org.testng.TestNG.runSuitesLocally(TestNG.java:1137)
at org.testng.TestNG.runSuites(TestNG.java:1049)
at org.testng.TestNG.run(TestNG.java:1017)
at org.apache.maven.surefire.testng.TestNGExecutor.run(TestNGExecutor.java:155)
at org.apache.maven.surefire.testng.TestNGDirectoryTestSuite.executeMulti(TestNGDirectoryTestSuite.java:169)
at org.apache.maven.surefire.testng.TestNGDirectoryTestSuite.execute(TestNGDirectoryTestSuite.java:88)
at org.apache.maven.surefire.testng.TestNGProvider.invoke(TestNGProvider.java:137)
at org.apache.maven.surefire.booter.ForkedBooter.runSuitesInProcess(ForkedBooter.java:385)
at org.apache.maven.surefire.booter.ForkedBooter.execute(ForkedBooter.java:162)
at org.apache.maven.surefire.booter.ForkedBooter.run(ForkedBooter.java:507)
at org.apache.maven.surefire.booter.ForkedBooter.main(ForkedBooter.java:495)
]]>
            </full-stacktrace>
          </exception> <!-- java.lang.NullPointerException -->
          <reporter-output>
            <line>
              <![CDATA[INFO: Listener: Test Started - testInvalidPassword]]>
            </line>
            <line>
              <![CDATA[INFO: Fetching Amazon user credential from environment variables]]>
            </line>
            <line>
              <![CDATA[INFO: Starting negative login test for user: nobleprizewinners@gmail.com with incorrect password]]>
            </line>
            <line>
              <![CDATA[Error: Listener: Test Failed - testInvalidPassword]]>
            </line>
          </reporter-output>
        </test-method> <!-- testInvalidPassword -->
        <test-method is-config="true" signature="tearDown(org.testng.ITestResult)[pri:0, instance:tests.AmazonE2ETest@69b794e2]" started-at="2025-09-01T09:36:54Z" name="tearDown" finished-at="2025-09-01T09:36:58Z" duration-ms="3393" status="PASS">
          <params>
            <param index="0">
              <value>
                <![CDATA[[TestResult name=testInvalidPassword status=FAILURE method=AmazonE2ETest.testInvalidPassword()[pri:0, instance:tests.AmazonE2ETest@69b794e2] output=INFO: Listener: Test Started - testInvalidPassword]]]>
              </value>
            </param>
          </params>
          <reporter-output>
            <line>
              <![CDATA[INFO: AfterMethod: Cleaning up after test method - testInvalidPassword]]>
            </line>
            <line>
              <![CDATA[Error: Test Failed: testInvalidPassword]]>
            </line>
            <line>
              <![CDATA[Error: Failed to save screenshot]]>
            </line>
            <line>
              <![CDATA[INFO: AfterMethod: WebDriver quit successfully]]>
            </line>
          </reporter-output>
        </test-method> <!-- tearDown -->
        <test-method is-config="true" signature="setUp(java.lang.reflect.Method)[pri:0, instance:tests.AmazonE2ETest@69b794e2]" started-at="2025-09-01T09:36:58Z" name="setUp" finished-at="2025-09-01T09:37:01Z" duration-ms="3195" status="PASS">
          <params>
            <param index="0">
              <value>
                <![CDATA[public void tests.AmazonE2ETest.testValidLogin()]]>
              </value>
            </param>
          </params>
          <reporter-output>
            <line>
              <![CDATA[INFO: BeforeMethod: Starting WebDriver for test method: testValidLogin]]>
            </line>
          </reporter-output>
        </test-method> <!-- setUp -->
        <test-method signature="testValidLogin()[pri:0, instance:tests.AmazonE2ETest@69b794e2]" started-at="2025-09-01T09:37:01Z" name="testValidLogin" description="Verify login with valid credential" finished-at="2025-09-01T09:37:01Z" duration-ms="4" status="FAIL">
          <exception class="java.lang.NullPointerException">
            <message>
              <![CDATA[Cannot invoke "org.openqa.selenium.WebDriver.findElement(org.openqa.selenium.By)" because "driver" is null]]>
            </message>
            <full-stacktrace>
              <![CDATA[java.lang.NullPointerException: Cannot invoke "org.openqa.selenium.WebDriver.findElement(org.openqa.selenium.By)" because "driver" is null
at org.openqa.selenium.support.ui.ExpectedConditions$7.apply(ExpectedConditions.java:194)
at org.openqa.selenium.support.ui.ExpectedConditions$7.apply(ExpectedConditions.java:190)
at org.openqa.selenium.support.ui.FluentWait.until(FluentWait.java:203)
at utils.ElementsUtil.findElementUsingId(ElementsUtil.java:42)
at pages.LoginPage.enterEmail(LoginPage.java:32)
at pages.LoginPage.login(LoginPage.java:49)
at tests.AmazonE2ETest.testValidLogin(AmazonE2ETest.java:37)
at java.base/jdk.internal.reflect.NativeMethodAccessorImpl.invoke0(Native Method)
at java.base/jdk.internal.reflect.NativeMethodAccessorImpl.invoke(NativeMethodAccessorImpl.java:77)
at java.base/jdk.internal.reflect.DelegatingMethodAccessorImpl.invoke(DelegatingMethodAccessorImpl.java:43)
at java.base/java.lang.reflect.Method.invoke(Method.java:568)
at org.testng.internal.MethodInvocationHelper.invokeMethod(MethodInvocationHelper.java:124)
at org.testng.internal.Invoker.invokeMethod(Invoker.java:583)
at org.testng.internal.Invoker.invokeTestMethod(Invoker.java:719)
at org.testng.internal.Invoker.invokeTestMethods(Invoker.java:989)
at org.testng.internal.TestMethodWorker.invokeTestMethods(TestMethodWorker.java:125)
at org.testng.internal.TestMethodWorker.run(TestMethodWorker.java:109)
at org.testng.TestRunner.privateRun(TestRunner.java:648)
at org.testng.TestRunner.run(TestRunner.java:505)
at org.testng.SuiteRunner.runTest(SuiteRunner.java:455)
at org.testng.SuiteRunner.runSequentially(SuiteRunner.java:450)
at org.testng.SuiteRunner.privateRun(SuiteRunner.java:415)
at org.testng.SuiteRunner.run(SuiteRunner.java:364)
at org.testng.SuiteRunnerWorker.runSuite(SuiteRunnerWorker.java:52)
at org.testng.SuiteRunnerWorker.run(SuiteRunnerWorker.java:84)
at org.testng.TestNG.runSuitesSequentially(TestNG.java:1208)
at org.testng.TestNG.runSuitesLocally(TestNG.java:1137)
at org.testng.TestNG.runSuites(TestNG.java:1049)
at org.testng.TestNG.run(TestNG.java:1017)
at org.apache.maven.surefire.testng.TestNGExecutor.run(TestNGExecutor.java:155)
at org.apache.maven.surefire.testng.TestNGDirectoryTestSuite.executeMulti(TestNGDirectoryTestSuite.java:169)
at org.apache.maven.surefire.testng.TestNGDirectoryTestSuite.execute(TestNGDirectoryTestSuite.java:88)
at org.apache.maven.surefire.testng.TestNGProvider.invoke(TestNGProvider.java:137)
at org.apache.maven.surefire.booter.ForkedBooter.runSuitesInProcess(ForkedBooter.java:385)
at org.apache.maven.surefire.booter.ForkedBooter.execute(ForkedBooter.java:162)
at org.apache.maven.surefire.booter.ForkedBooter.run(ForkedBooter.java:507)
at org.apache.maven.surefire.booter.ForkedBooter.main(ForkedBooter.java:495)
]]>
            </full-stacktrace>
          </exception> <!-- java.lang.NullPointerException -->
          <reporter-output>
            <line>
              <![CDATA[INFO: Listener: Test Started - testValidLogin]]>
            </line>
            <line>
              <![CDATA[INFO: Fetching Amazon user credential from environment variables]]>
            </line>
            <line>
              <![CDATA[INFO: Fetching Amazon password from environment variables]]>
            </line>
            <line>
              <![CDATA[INFO: Starting login test for user: nobleprizewinners@gmail.com]]>
            </line>
            <line>
              <![CDATA[Error: Listener: Test Failed - testValidLogin]]>
            </line>
          </reporter-output>
        </test-method> <!-- testValidLogin -->
        <test-method is-config="true" signature="tearDown(org.testng.ITestResult)[pri:0, instance:tests.AmazonE2ETest@69b794e2]" started-at="2025-09-01T09:37:02Z" name="tearDown" finished-at="2025-09-01T09:37:05Z" duration-ms="3333" status="PASS">
          <params>
            <param index="0">
              <value>
                <![CDATA[[TestResult name=testValidLogin status=FAILURE method=AmazonE2ETest.testValidLogin()[pri:0, instance:tests.AmazonE2ETest@69b794e2] output=INFO: Listener: Test Started - testValidLogin]]]>
              </value>
            </param>
          </params>
          <reporter-output>
            <line>
              <![CDATA[INFO: AfterMethod: Cleaning up after test method - testValidLogin]]>
            </line>
            <line>
              <![CDATA[Error: Test Failed: testValidLogin]]>
            </line>
            <line>
              <![CDATA[Error: Failed to save screenshot]]>
            </line>
            <line>
              <![CDATA[INFO: AfterMethod: WebDriver quit successfully]]>
            </line>
          </reporter-output>
        </test-method> <!-- tearDown -->
        <test-method is-config="true" signature="afterClass()[pri:0, instance:tests.AmazonE2ETest@69b794e2]" started-at="2025-09-01T09:37:05Z" name="afterClass" finished-at="2025-09-01T09:37:05Z" duration-ms="20" status="FAIL">
          <exception class="org.openqa.selenium.NoSuchSessionException">
            <message>
              <![CDATA[Session ID is null. Using WebDriver after calling quit()?
Build info: version: '4.23.0', revision: '4df0a231af'
System info: os.name: 'Windows 11', os.arch: 'amd64', os.version: '10.0', java.version: '17.0.15'
Driver info: org.openqa.selenium.chrome.ChromeDriver
Command: [null, screenshot {}]
Capabilities {acceptInsecureCerts: false, browserName: chrome, browserVersion: 139.0.7258.155, chrome: {chromedriverVersion: 139.0.7258.154 (9e0d6b2b47f..., userDataDir: C:\Users\noble\AppData\Loca...}, fedcm:accounts: true, goog:chromeOptions: {debuggerAddress: localhost:58201}, networkConnectionEnabled: false, pageLoadStrategy: normal, platformName: windows, proxy: Proxy(), se:cdp: ws://localhost:58201/devtoo..., se:cdpVersion: 139.0.7258.155, setWindowRect: true, strictFileInteractability: false, timeouts: {implicit: 0, pageLoad: 300000, script: 30000}, unhandledPromptBehavior: dismiss and notify, webauthn:extension:credBlob: true, webauthn:extension:largeBlob: true, webauthn:extension:minPinLength: true, webauthn:extension:prf: true, webauthn:virtualAuthenticators: true}]]>
            </message>
            <full-stacktrace>
              <![CDATA[org.openqa.selenium.NoSuchSessionException: Session ID is null. Using WebDriver after calling quit()?
Build info: version: '4.23.0', revision: '4df0a231af'
System info: os.name: 'Windows 11', os.arch: 'amd64', os.version: '10.0', java.version: '17.0.15'
Driver info: org.openqa.selenium.chrome.ChromeDriver
Command: [null, screenshot {}]
Capabilities {acceptInsecureCerts: false, browserName: chrome, browserVersion: 139.0.7258.155, chrome: {chromedriverVersion: 139.0.7258.154 (9e0d6b2b47f..., userDataDir: C:\Users\noble\AppData\Loca...}, fedcm:accounts: true, goog:chromeOptions: {debuggerAddress: localhost:58201}, networkConnectionEnabled: false, pageLoadStrategy: normal, platformName: windows, proxy: Proxy(), se:cdp: ws://localhost:58201/devtoo..., se:cdpVersion: 139.0.7258.155, setWindowRect: true, strictFileInteractability: false, timeouts: {implicit: 0, pageLoad: 300000, script: 30000}, unhandledPromptBehavior: dismiss and notify, webauthn:extension:credBlob: true, webauthn:extension:largeBlob: true, webauthn:extension:minPinLength: true, webauthn:extension:prf: true, webauthn:virtualAuthenticators: true}
at org.openqa.selenium.remote.HttpCommandExecutor.execute(HttpCommandExecutor.java:151)
at org.openqa.selenium.remote.service.DriverCommandExecutor.invokeExecute(DriverCommandExecutor.java:216)
at org.openqa.selenium.remote.service.DriverCommandExecutor.execute(DriverCommandExecutor.java:174)
at org.openqa.selenium.remote.RemoteWebDriver.execute(RemoteWebDriver.java:527)
at org.openqa.selenium.remote.RemoteWebDriver.execute(RemoteWebDriver.java:600)
at org.openqa.selenium.remote.RemoteWebDriver.execute(RemoteWebDriver.java:604)
at org.openqa.selenium.remote.RemoteWebDriver.getScreenshotAs(RemoteWebDriver.java:323)
at utils.ScreenshotUtil.captureScreenshot(ScreenshotUtil.java:16)
at base.BaseTest.afterClass(BaseTest.java:118)
at java.base/jdk.internal.reflect.NativeMethodAccessorImpl.invoke0(Native Method)
at java.base/jdk.internal.reflect.NativeMethodAccessorImpl.invoke(NativeMethodAccessorImpl.java:77)
at java.base/jdk.internal.reflect.DelegatingMethodAccessorImpl.invoke(DelegatingMethodAccessorImpl.java:43)
at java.base/java.lang.reflect.Method.invoke(Method.java:568)
at org.testng.internal.MethodInvocationHelper.invokeMethod(MethodInvocationHelper.java:124)
at org.testng.internal.MethodInvocationHelper.invokeMethodConsideringTimeout(MethodInvocationHelper.java:59)
at org.testng.internal.Invoker.invokeConfigurationMethod(Invoker.java:458)
at org.testng.internal.Invoker.invokeConfigurations(Invoker.java:222)
at org.testng.internal.Invoker.invokeConfigurations(Invoker.java:142)
at org.testng.internal.TestMethodWorker.invokeAfterClassMethods(TestMethodWorker.java:214)
at org.testng.internal.TestMethodWorker.run(TestMethodWorker.java:111)
at org.testng.TestRunner.privateRun(TestRunner.java:648)
at org.testng.TestRunner.run(TestRunner.java:505)
at org.testng.SuiteRunner.runTest(SuiteRunner.java:455)
at org.testng.SuiteRunner.runSequentially(SuiteRunner.java:450)
at org.testng.SuiteRunner.privateRun(SuiteRunner.java:415)
at org.testng.SuiteRunner.run(SuiteRunner.java:364)
at org.testng.SuiteRunnerWorker.runSuite(SuiteRunnerWorker.java:52)
at org.testng.SuiteRunnerWorker.run(SuiteRunnerWorker.java:84)
at org.testng.TestNG.runSuitesSequentially(TestNG.java:1208)
at org.testng.TestNG.runSuitesLocally(TestNG.java:1137)
at org.testng.TestNG.runSuites(TestNG.java:1049)
at org.testng.TestNG.run(TestNG.java:1017)
at org.apache.maven.surefire.testng.TestNGExecutor.run(TestNGExecutor.java:155)
at org.apache.maven.surefire.testng.TestNGDirectoryTestSuite.executeMulti(TestNGDirectoryTestSuite.java:169)
at org.apache.maven.surefire.testng.TestNGDirectoryTestSuite.execute(TestNGDirectoryTestSuite.java:88)
at org.apache.maven.surefire.testng.TestNGProvider.invoke(TestNGProvider.java:137)
at org.apache.maven.surefire.booter.ForkedBooter.runSuitesInProcess(ForkedBooter.java:385)
at org.apache.maven.surefire.booter.ForkedBooter.execute(ForkedBooter.java:162)
at org.apache.maven.surefire.booter.ForkedBooter.run(ForkedBooter.java:507)
at org.apache.maven.surefire.booter.ForkedBooter.main(ForkedBooter.java:495)
]]>
            </full-stacktrace>
          </exception> <!-- org.openqa.selenium.NoSuchSessionException -->
          <reporter-output>
            <line>
              <![CDATA[INFO: AfterClass: Cleaning up class resources for: AmazonE2ETest]]>
            </line>
          </reporter-output>
        </test-method> <!-- afterClass -->
      </class> <!-- tests.AmazonE2ETest -->
    </test> <!-- Surefire test -->
  </suite> <!-- Surefire suite -->
</testng-results>
